<?xml version="1.0" encoding="UTF-8"?>
<!-- Generated by org.testng.reporters.JUnitXMLReporter -->
<testsuite ignored="0" hostname="DESKTOP-28NIEE6" failures="0" tests="3" name="Test" time="24.694" errors="0" timestamp="2022-07-05T14:14:25 IST">
  <testcase classname="Test_Clases.TC_01_OM2_ReturnOrder_Test" name="RunTC_01_ReturnOrder_Test" time="9.11"/>
  <testcase classname="Test_Clases.TC_01_OM2_ReturnOrder_Test" name="RunTC_02_OM2_ReturnItem_Test" time="11.07"/>
  <testcase classname="Test_Clases.TC_01_OM2_ReturnOrder_Test" name="RunTC_03_Carrier_Test" time="4.352"/>
</testsuite> <!-- Test -->
