<?xml version="1.0" encoding="UTF-8"?>
<!-- Generated by org.testng.reporters.JUnitXMLReporter -->
<testsuite ignored="2" hostname="DESKTOP-28NIEE6" failures="0" tests="3" name="Test" time="25.262" errors="0" timestamp="2022-07-05T12:29:24 IST">
  <testcase classname="Test_Clases.TC_01_OM2_ReturnOrder_Test" name="RunTC_01_ReturnOrder_Test" time="9.585"/>
  <testcase classname="Test_Clases.TC_02_OM2_ReturnItem_Test" name="RunTC_02_ReturnPortal_Test" time="11.121"/>
  <testcase classname="Test_Clases.TC_03_OM2_Carrier_Test" name="RunTC_03_Carrier_Test" time="4.418"/>
  <testcase classname="Test_Clases.BaseTest" name="@BeforeSuite intiDriver" time="0.0">
    <ignored/>
  </testcase> <!-- @BeforeSuite intiDriver -->
  <testcase classname="Test_Clases.BaseTest" name="@BeforeSuite intiDriver" time="0.0">
    <ignored/>
  </testcase> <!-- @BeforeSuite intiDriver -->
</testsuite> <!-- Test -->
