<?xml version="1.0" encoding="UTF-8"?>
<testng-results ignored="0" total="2" passed="2" failed="0" skipped="0">
  <reporter-output>
  </reporter-output>
  <suite started-at="2022-07-08T10:14:13 IST" name="OM1" finished-at="2022-07-08T10:14:38 IST" duration-ms="24136">
    <groups>
    </groups>
    <test started-at="2022-07-08T10:14:13 IST" name="Test1" finished-at="2022-07-08T10:14:38 IST" duration-ms="24136">
      <class name="Test_Clases.TC_OM6">
        <test-method is-config="true" signature="intiDriver()[pri:0, instance:Test_Clases.TC_OM6@29647f75]" started-at="2022-07-08T10:14:09 IST" name="intiDriver" finished-at="2022-07-08T10:14:13 IST" duration-ms="4565" status="PASS">
          <reporter-output>
          </reporter-output>
        </test-method> <!-- intiDriver -->
        <test-method is-config="true" signature="creteobject()[pri:0, instance:Test_Clases.TC_OM6@29647f75]" started-at="2022-07-08T10:14:13 IST" name="creteobject" finished-at="2022-07-08T10:14:14 IST" duration-ms="92" status="PASS">
          <reporter-output>
          </reporter-output>
        </test-method> <!-- creteobject -->
        <test-method signature="RunTC_01_OM1_ReturnOrder_Test()[pri:1, instance:Test_Clases.TC_OM6@29647f75]" started-at="2022-07-08T10:14:14 IST" name="RunTC_01_OM1_ReturnOrder_Test" finished-at="2022-07-08T10:14:33 IST" duration-ms="19518" status="PASS">
          <reporter-output>
          </reporter-output>
        </test-method> <!-- RunTC_01_OM1_ReturnOrder_Test -->
        <test-method signature="RunTC_02_OM1_Carrier_Test()[pri:2, instance:Test_Clases.TC_OM6@29647f75]" started-at="2022-07-08T10:14:33 IST" name="RunTC_02_OM1_Carrier_Test" finished-at="2022-07-08T10:14:38 IST" duration-ms="4451" status="PASS">
          <reporter-output>
          </reporter-output>
        </test-method> <!-- RunTC_02_OM1_Carrier_Test -->
      </class> <!-- Test_Clases.TC_OM6 -->
    </test> <!-- Test1 -->
  </suite> <!-- OM1 -->
</testng-results>
