<?xml version="1.0" encoding="UTF-8"?>
<!-- Generated by org.testng.reporters.JUnitXMLReporter -->
<testsuite ignored="1" hostname="DESKTOP-28NIEE6" failures="0" tests="2" name="Test1" time="26.052" errors="0" timestamp="2022-07-04T11:53:54 IST">
  <testcase classname="Test_Clases.TC_01_OM1_ReturnOrder_Test" name="RunTC_01_OM1_ReturnOrder_Test" time="21.444"/>
  <testcase classname="Test_Clases.TC_02_OM1_Carrier_Test" name="RunTC_02_OM1_Carrier_Test" time="4.441"/>
  <testcase classname="Test_Clases.BaseTest" name="@BeforeSuite intiDriver" time="0.0">
    <ignored/>
  </testcase> <!-- @BeforeSuite intiDriver -->
</testsuite> <!-- Test1 -->
